--------------- Build Started: 06/02/2016 10:42:16 Project: BLE Lab1, Configuration: ARM GCC 4.9-2015-q1-update Debug ---------------
cydsfit.exe -.appdatapath "C:\Users\sunyi\AppData\Local\Cypress Semiconductor\PSoC Creator\3.3" -.fdsnotice -.fdswarpdepfile=warp_dependencies.txt -.fdselabdepfile=elab_dependencies.txt -.fdsbldfile=generated_files.txt -p "C:\Users\sunyi\Desktop\Lab1 codes\BLE Lab1\BLE Lab1.cydsn\BLE Lab1.cyprj" -d CY8C4247LQI-BL483 -s "C:\Users\sunyi\Desktop\Lab1 codes\BLE Lab1\BLE Lab1.cydsn\Generated_Source\PSoC4" -- -yv2 -q10 -ygs -o2 -v3 -.fftcfgtype=LE
Elaborating Design...
HDL Generation ...
Synthesis ...
Place and Route ...
Tech mapping ...
Analog Placement ...
Analog Routing ...
Analog Code Generation ...
Digital Placement ...
Digital Routing ...
Bitstream Generation ...
Static timing analysis ...
API Generation ...
Dependency Generation ...
Clean Temporary Files ...
The compile step is up to date, no work needs to be done.
arm-none-eabi-ar.exe -rs ".\CortexM0\ARM_GCC_493\Debug\BLE Lab1.a" .\CortexM0\ARM_GCC_493\Debug\cyfitter_cfg.o .\CortexM0\ARM_GCC_493\Debug\Pin_LED.o .\CortexM0\ARM_GCC_493\Debug\Pin_LED_PM.o .\CortexM0\ARM_GCC_493\Debug\CyBootAsmGnu.o .\CortexM0\ARM_GCC_493\Debug\CyFlash.o .\CortexM0\ARM_GCC_493\Debug\CyLib.o .\CortexM0\ARM_GCC_493\Debug\cyPm.o .\CortexM0\ARM_GCC_493\Debug\cyutils.o .\CortexM0\ARM_GCC_493\Debug\CyLFClk.o
arm-none-eabi-ar.exe: creating .\CortexM0\ARM_GCC_493\Debug\BLE Lab1.a
arm-none-eabi-gcc.exe -Wl,--start-group -o ".\CortexM0\ARM_GCC_493\Debug\BLE Lab1.elf" .\CortexM0\ARM_GCC_493\Debug\main.o .\CortexM0\ARM_GCC_493\Debug\cymetadata.o .\CortexM0\ARM_GCC_493\Debug\Cm0Start.o ".\CortexM0\ARM_GCC_493\Debug\BLE Lab1.a" "C:\9047software\PSoC Creator\3.3\PSoC Creator\psoc\content\cycomponentlibrary\CyComponentLibrary.cylib\CortexM0\ARM_GCC_493\Debug\CyComponentLibrary.a" -mcpu=cortex-m0 -mthumb -g -ffunction-sections -Og -ffat-lto-objects -L Generated_Source\PSoC4 "-Wl,-Map,.\CortexM0\ARM_GCC_493\Debug/BLE Lab1.map" -T Generated_Source\PSoC4\cm0gcc.ld -specs=nano.specs -Wl,--gc-sections -Wl,--end-group
cyelftool.exe -C "C:\Users\sunyi\Desktop\Lab1 codes\BLE Lab1\BLE Lab1.cydsn\CortexM0\ARM_GCC_493\Debug\BLE Lab1.elf" --flash_row_size 128 --flash_size 131072
cyelftool.exe -S "C:\Users\sunyi\Desktop\Lab1 codes\BLE Lab1\BLE Lab1.cydsn\CortexM0\ARM_GCC_493\Debug\BLE Lab1.elf"
Flash used: 1920 of 131072 bytes (1.5%).
SRAM used: 2476 of 16384 bytes (15.1%). Stack: 2048 bytes. Heap: 128 bytes.
--------------- Build Succeeded: 06/02/2016 10:42:22 ---------------
